{"/home/runner/work/event-handler/event-handler/src/index.ts": {"path":"/home/runner/work/event-handler/event-handler/src/index.ts","all":true,"statementMap":{"0":{"start":{"line":1,"column":0},"end":{"line":1,"column":117}},"1":{"start":{"line":2,"column":0},"end":{"line":2,"column":50}},"2":{"start":{"line":3,"column":0},"end":{"line":3,"column":12}}},"s":{"0":0,"1":0,"2":0},"branchMap":{"0":{"type":"branch","line":1,"loc":{"start":{"line":1,"column":0},"end":{"line":3,"column":12}},"locations":[{"start":{"line":1,"column":0},"end":{"line":3,"column":12}}]}},"b":{"0":[0]},"fnMap":{"0":{"name":"(empty-report)","decl":{"start":{"line":1,"column":0},"end":{"line":3,"column":12}},"loc":{"start":{"line":1,"column":0},"end":{"line":3,"column":12}},"line":1}},"f":{"0":0}}
,"/home/runner/work/event-handler/event-handler/src/useEventHandler/useEventHandler.ts": {"path":"/home/runner/work/event-handler/event-handler/src/useEventHandler/useEventHandler.ts","all":false,"statementMap":{"0":{"start":{"line":1,"column":0},"end":{"line":1,"column":58}},"1":{"start":{"line":2,"column":0},"end":{"line":2,"column":38}},"2":{"start":{"line":3,"column":0},"end":{"line":3,"column":0}},"3":{"start":{"line":4,"column":0},"end":{"line":4,"column":48}},"4":{"start":{"line":5,"column":0},"end":{"line":5,"column":0}},"5":{"start":{"line":6,"column":0},"end":{"line":6,"column":61}},"6":{"start":{"line":7,"column":0},"end":{"line":7,"column":0}},"7":{"start":{"line":8,"column":0},"end":{"line":8,"column":35}},"8":{"start":{"line":9,"column":0},"end":{"line":9,"column":40}},"9":{"start":{"line":10,"column":0},"end":{"line":10,"column":27}},"10":{"start":{"line":11,"column":0},"end":{"line":11,"column":28}},"11":{"start":{"line":12,"column":0},"end":{"line":12,"column":4}},"12":{"start":{"line":13,"column":0},"end":{"line":13,"column":0}},"13":{"start":{"line":14,"column":0},"end":{"line":14,"column":30}},"14":{"start":{"line":15,"column":0},"end":{"line":15,"column":39}},"15":{"start":{"line":16,"column":0},"end":{"line":16,"column":34}},"16":{"start":{"line":17,"column":0},"end":{"line":17,"column":27}},"17":{"start":{"line":18,"column":0},"end":{"line":18,"column":4}},"18":{"start":{"line":19,"column":0},"end":{"line":19,"column":0}},"19":{"start":{"line":20,"column":0},"end":{"line":20,"column":3}},"20":{"start":{"line":21,"column":0},"end":{"line":21,"column":51}},"21":{"start":{"line":22,"column":0},"end":{"line":22,"column":3}},"22":{"start":{"line":23,"column":0},"end":{"line":23,"column":40}},"23":{"start":{"line":24,"column":0},"end":{"line":24,"column":48}},"24":{"start":{"line":25,"column":0},"end":{"line":25,"column":52}},"25":{"start":{"line":26,"column":0},"end":{"line":26,"column":54}},"26":{"start":{"line":27,"column":0},"end":{"line":27,"column":53}},"27":{"start":{"line":28,"column":0},"end":{"line":28,"column":30}},"28":{"start":{"line":29,"column":0},"end":{"line":29,"column":33}},"29":{"start":{"line":30,"column":0},"end":{"line":30,"column":33}},"30":{"start":{"line":31,"column":0},"end":{"line":31,"column":1}},"31":{"start":{"line":32,"column":0},"end":{"line":32,"column":0}},"32":{"start":{"line":33,"column":0},"end":{"line":33,"column":3}},"33":{"start":{"line":34,"column":0},"end":{"line":34,"column":71}},"34":{"start":{"line":35,"column":0},"end":{"line":35,"column":2}},"35":{"start":{"line":36,"column":0},"end":{"line":36,"column":44}},"36":{"start":{"line":37,"column":0},"end":{"line":37,"column":67}},"37":{"start":{"line":38,"column":0},"end":{"line":38,"column":3}},"38":{"start":{"line":39,"column":0},"end":{"line":39,"column":78}},"39":{"start":{"line":40,"column":0},"end":{"line":40,"column":47}},"40":{"start":{"line":41,"column":0},"end":{"line":41,"column":0}},"41":{"start":{"line":42,"column":0},"end":{"line":42,"column":5}},"42":{"start":{"line":43,"column":0},"end":{"line":43,"column":40}},"43":{"start":{"line":44,"column":0},"end":{"line":44,"column":4}},"44":{"start":{"line":45,"column":0},"end":{"line":45,"column":64}},"45":{"start":{"line":46,"column":0},"end":{"line":46,"column":5}},"46":{"start":{"line":47,"column":0},"end":{"line":47,"column":39}},"47":{"start":{"line":48,"column":0},"end":{"line":48,"column":47}},"48":{"start":{"line":49,"column":0},"end":{"line":49,"column":49}},"49":{"start":{"line":50,"column":0},"end":{"line":50,"column":42}},"50":{"start":{"line":51,"column":0},"end":{"line":51,"column":30}},"51":{"start":{"line":52,"column":0},"end":{"line":52,"column":4}},"52":{"start":{"line":53,"column":0},"end":{"line":53,"column":0}},"53":{"start":{"line":54,"column":0},"end":{"line":54,"column":5}},"54":{"start":{"line":55,"column":0},"end":{"line":55,"column":43}},"55":{"start":{"line":56,"column":0},"end":{"line":56,"column":4}},"56":{"start":{"line":57,"column":0},"end":{"line":57,"column":54}},"57":{"start":{"line":58,"column":0},"end":{"line":58,"column":5}},"58":{"start":{"line":59,"column":0},"end":{"line":59,"column":55}},"59":{"start":{"line":60,"column":0},"end":{"line":60,"column":72}},"60":{"start":{"line":61,"column":0},"end":{"line":61,"column":75}},"61":{"start":{"line":62,"column":0},"end":{"line":62,"column":56}},"62":{"start":{"line":63,"column":0},"end":{"line":63,"column":7}},"63":{"start":{"line":64,"column":0},"end":{"line":64,"column":51}},"64":{"start":{"line":65,"column":0},"end":{"line":65,"column":44}},"65":{"start":{"line":66,"column":0},"end":{"line":66,"column":32}},"66":{"start":{"line":67,"column":0},"end":{"line":67,"column":5}},"67":{"start":{"line":68,"column":0},"end":{"line":68,"column":4}},"68":{"start":{"line":69,"column":0},"end":{"line":69,"column":0}},"69":{"start":{"line":70,"column":0},"end":{"line":70,"column":5}},"70":{"start":{"line":71,"column":0},"end":{"line":71,"column":41}},"71":{"start":{"line":72,"column":0},"end":{"line":72,"column":4}},"72":{"start":{"line":73,"column":0},"end":{"line":73,"column":54}},"73":{"start":{"line":74,"column":0},"end":{"line":74,"column":5}},"74":{"start":{"line":75,"column":0},"end":{"line":75,"column":57}},"75":{"start":{"line":76,"column":0},"end":{"line":76,"column":74}},"76":{"start":{"line":77,"column":0},"end":{"line":77,"column":73}},"77":{"start":{"line":78,"column":0},"end":{"line":78,"column":54}},"78":{"start":{"line":79,"column":0},"end":{"line":79,"column":7}},"79":{"start":{"line":80,"column":0},"end":{"line":80,"column":55}},"80":{"start":{"line":81,"column":0},"end":{"line":81,"column":44}},"81":{"start":{"line":82,"column":0},"end":{"line":82,"column":32}},"82":{"start":{"line":83,"column":0},"end":{"line":83,"column":5}},"83":{"start":{"line":84,"column":0},"end":{"line":84,"column":4}},"84":{"start":{"line":85,"column":0},"end":{"line":85,"column":0}},"85":{"start":{"line":86,"column":0},"end":{"line":86,"column":5}},"86":{"start":{"line":87,"column":0},"end":{"line":87,"column":32}},"87":{"start":{"line":88,"column":0},"end":{"line":88,"column":4}},"88":{"start":{"line":89,"column":0},"end":{"line":89,"column":52}},"89":{"start":{"line":90,"column":0},"end":{"line":90,"column":5}},"90":{"start":{"line":91,"column":0},"end":{"line":91,"column":56}},"91":{"start":{"line":92,"column":0},"end":{"line":92,"column":50}},"92":{"start":{"line":93,"column":0},"end":{"line":93,"column":52}},"93":{"start":{"line":94,"column":0},"end":{"line":94,"column":8}},"94":{"start":{"line":95,"column":0},"end":{"line":95,"column":60}},"95":{"start":{"line":96,"column":0},"end":{"line":96,"column":59}},"96":{"start":{"line":97,"column":0},"end":{"line":97,"column":7}},"97":{"start":{"line":98,"column":0},"end":{"line":98,"column":44}},"98":{"start":{"line":99,"column":0},"end":{"line":99,"column":35}},"99":{"start":{"line":100,"column":0},"end":{"line":100,"column":5}},"100":{"start":{"line":101,"column":0},"end":{"line":101,"column":4}},"101":{"start":{"line":102,"column":0},"end":{"line":102,"column":0}},"102":{"start":{"line":103,"column":0},"end":{"line":103,"column":5}},"103":{"start":{"line":104,"column":0},"end":{"line":104,"column":50}},"104":{"start":{"line":105,"column":0},"end":{"line":105,"column":4}},"105":{"start":{"line":106,"column":0},"end":{"line":106,"column":38}},"106":{"start":{"line":107,"column":0},"end":{"line":107,"column":5}},"107":{"start":{"line":108,"column":0},"end":{"line":108,"column":31}},"108":{"start":{"line":109,"column":0},"end":{"line":109,"column":12}},"109":{"start":{"line":110,"column":0},"end":{"line":110,"column":53}},"110":{"start":{"line":111,"column":0},"end":{"line":111,"column":53}},"111":{"start":{"line":112,"column":0},"end":{"line":112,"column":6}},"112":{"start":{"line":113,"column":0},"end":{"line":113,"column":4}},"113":{"start":{"line":114,"column":0},"end":{"line":114,"column":0}},"114":{"start":{"line":115,"column":0},"end":{"line":115,"column":5}},"115":{"start":{"line":116,"column":0},"end":{"line":116,"column":46}},"116":{"start":{"line":117,"column":0},"end":{"line":117,"column":4}},"117":{"start":{"line":118,"column":0},"end":{"line":118,"column":37}},"118":{"start":{"line":119,"column":0},"end":{"line":119,"column":5}},"119":{"start":{"line":120,"column":0},"end":{"line":120,"column":30}},"120":{"start":{"line":121,"column":0},"end":{"line":121,"column":12}},"121":{"start":{"line":122,"column":0},"end":{"line":122,"column":51}},"122":{"start":{"line":123,"column":0},"end":{"line":123,"column":53}},"123":{"start":{"line":124,"column":0},"end":{"line":124,"column":6}},"124":{"start":{"line":125,"column":0},"end":{"line":125,"column":4}},"125":{"start":{"line":126,"column":0},"end":{"line":126,"column":0}},"126":{"start":{"line":127,"column":0},"end":{"line":127,"column":5}},"127":{"start":{"line":128,"column":0},"end":{"line":128,"column":41}},"128":{"start":{"line":129,"column":0},"end":{"line":129,"column":5}},"129":{"start":{"line":130,"column":0},"end":{"line":130,"column":36}},"130":{"start":{"line":131,"column":0},"end":{"line":131,"column":55}},"131":{"start":{"line":132,"column":0},"end":{"line":132,"column":57}},"132":{"start":{"line":133,"column":0},"end":{"line":133,"column":42}},"133":{"start":{"line":134,"column":0},"end":{"line":134,"column":33}},"134":{"start":{"line":135,"column":0},"end":{"line":135,"column":4}},"135":{"start":{"line":136,"column":0},"end":{"line":136,"column":0}},"136":{"start":{"line":137,"column":0},"end":{"line":137,"column":10}},"137":{"start":{"line":138,"column":0},"end":{"line":138,"column":9}},"138":{"start":{"line":139,"column":0},"end":{"line":139,"column":7}},"139":{"start":{"line":140,"column":0},"end":{"line":140,"column":9}},"140":{"start":{"line":141,"column":0},"end":{"line":141,"column":8}},"141":{"start":{"line":142,"column":0},"end":{"line":142,"column":18}},"142":{"start":{"line":143,"column":0},"end":{"line":143,"column":17}},"143":{"start":{"line":144,"column":0},"end":{"line":144,"column":23}},"144":{"start":{"line":145,"column":0},"end":{"line":145,"column":4}},"145":{"start":{"line":146,"column":0},"end":{"line":146,"column":2}},"146":{"start":{"line":147,"column":0},"end":{"line":147,"column":0}},"147":{"start":{"line":148,"column":0},"end":{"line":148,"column":3}},"148":{"start":{"line":149,"column":0},"end":{"line":149,"column":29}},"149":{"start":{"line":150,"column":0},"end":{"line":150,"column":2}},"150":{"start":{"line":151,"column":0},"end":{"line":151,"column":40}},"151":{"start":{"line":152,"column":0},"end":{"line":152,"column":3}},"152":{"start":{"line":153,"column":0},"end":{"line":153,"column":35}},"153":{"start":{"line":154,"column":0},"end":{"line":154,"column":40}},"154":{"start":{"line":155,"column":0},"end":{"line":155,"column":32}},"155":{"start":{"line":156,"column":0},"end":{"line":156,"column":2}}},"s":{"0":1,"1":1,"2":1,"3":1,"4":1,"5":1,"6":1,"7":1,"8":15,"9":15,"10":15,"11":15,"12":1,"13":1,"14":20051,"15":20051,"16":20051,"17":20051,"18":1,"19":1,"20":1,"21":1,"22":1,"23":1,"24":1,"25":1,"26":1,"27":1,"28":1,"29":1,"30":1,"31":1,"32":1,"33":1,"34":1,"35":1,"36":1,"37":1,"38":1,"39":15,"40":15,"41":15,"42":15,"43":15,"44":15,"45":15,"46":15,"47":14,"48":14,"49":14,"50":14,"51":15,"52":15,"53":15,"54":15,"55":15,"56":15,"57":15,"58":15,"59":30010,"60":13,"61":1,"62":1,"63":13,"64":13,"65":13,"66":13,"67":15,"68":15,"69":15,"70":15,"71":15,"72":15,"73":15,"74":15,"75":20003,"76":5,"77":1,"78":1,"79":5,"80":5,"81":5,"82":5,"83":15,"84":15,"85":15,"86":15,"87":15,"88":15,"89":15,"90":15,"91":20001,"92":20001,"93":20001,"94":20001,"95":20001,"96":20001,"97":20001,"98":20001,"99":20001,"100":15,"101":15,"102":15,"103":15,"104":15,"105":15,"106":15,"107":15,"108":1,"109":1,"110":1,"111":1,"112":15,"113":15,"114":15,"115":15,"116":15,"117":15,"118":15,"119":15,"120":1,"121":1,"122":1,"123":1,"124":15,"125":15,"126":15,"127":15,"128":15,"129":15,"130":15,"131":15,"132":15,"133":15,"134":15,"135":15,"136":15,"137":15,"138":15,"139":15,"140":15,"141":15,"142":15,"143":15,"144":15,"145":15,"146":1,"147":1,"148":1,"149":1,"150":1,"151":1,"152":1,"153":3,"154":3,"155":3},"branchMap":{"0":{"type":"branch","line":8,"loc":{"start":{"line":8,"column":30},"end":{"line":12,"column":4}},"locations":[{"start":{"line":8,"column":30},"end":{"line":12,"column":4}}]},"1":{"type":"branch","line":11,"loc":{"start":{"line":11,"column":4},"end":{"line":11,"column":14}},"locations":[{"start":{"line":11,"column":4},"end":{"line":11,"column":14}}]},"2":{"type":"branch","line":14,"loc":{"start":{"line":14,"column":25},"end":{"line":18,"column":4}},"locations":[{"start":{"line":14,"column":25},"end":{"line":18,"column":4}}]},"3":{"type":"branch","line":17,"loc":{"start":{"line":17,"column":4},"end":{"line":17,"column":14}},"locations":[{"start":{"line":17,"column":4},"end":{"line":17,"column":14}}]},"4":{"type":"branch","line":39,"loc":{"start":{"line":39,"column":31},"end":{"line":146,"column":2}},"locations":[{"start":{"line":39,"column":31},"end":{"line":146,"column":2}}]},"5":{"type":"branch","line":47,"loc":{"start":{"line":47,"column":15},"end":{"line":52,"column":3}},"locations":[{"start":{"line":47,"column":15},"end":{"line":52,"column":3}}]},"6":{"type":"branch","line":59,"loc":{"start":{"line":59,"column":13},"end":{"line":68,"column":3}},"locations":[{"start":{"line":59,"column":13},"end":{"line":68,"column":3}}]},"7":{"type":"branch","line":60,"loc":{"start":{"line":60,"column":71},"end":{"line":67,"column":5}},"locations":[{"start":{"line":60,"column":71},"end":{"line":67,"column":5}}]},"8":{"type":"branch","line":61,"loc":{"start":{"line":61,"column":74},"end":{"line":63,"column":7}},"locations":[{"start":{"line":61,"column":74},"end":{"line":63,"column":7}}]},"9":{"type":"branch","line":75,"loc":{"start":{"line":75,"column":15},"end":{"line":84,"column":3}},"locations":[{"start":{"line":75,"column":15},"end":{"line":84,"column":3}}]},"10":{"type":"branch","line":76,"loc":{"start":{"line":76,"column":73},"end":{"line":83,"column":5}},"locations":[{"start":{"line":76,"column":73},"end":{"line":83,"column":5}}]},"11":{"type":"branch","line":77,"loc":{"start":{"line":77,"column":72},"end":{"line":79,"column":7}},"locations":[{"start":{"line":77,"column":72},"end":{"line":79,"column":7}}]},"12":{"type":"branch","line":91,"loc":{"start":{"line":91,"column":14},"end":{"line":101,"column":3}},"locations":[{"start":{"line":91,"column":14},"end":{"line":101,"column":3}}]},"13":{"type":"branch","line":108,"loc":{"start":{"line":108,"column":24},"end":{"line":113,"column":3}},"locations":[{"start":{"line":108,"column":24},"end":{"line":113,"column":3}}]},"14":{"type":"branch","line":120,"loc":{"start":{"line":120,"column":23},"end":{"line":125,"column":3}},"locations":[{"start":{"line":120,"column":23},"end":{"line":125,"column":3}}]},"15":{"type":"branch","line":130,"loc":{"start":{"line":130,"column":29},"end":{"line":135,"column":3}},"locations":[{"start":{"line":130,"column":29},"end":{"line":135,"column":3}}]},"16":{"type":"branch","line":153,"loc":{"start":{"line":153,"column":28},"end":{"line":156,"column":2}},"locations":[{"start":{"line":153,"column":28},"end":{"line":156,"column":2}}]}},"b":{"0":[15],"1":[2],"2":[20051],"3":[2],"4":[15],"5":[14],"6":[30010],"7":[13],"8":[1],"9":[20003],"10":[5],"11":[1],"12":[20001],"13":[1],"14":[1],"15":[15],"16":[3]},"fnMap":{"0":{"name":"getGlobalEventEmitter","decl":{"start":{"line":8,"column":30},"end":{"line":12,"column":4}},"loc":{"start":{"line":8,"column":30},"end":{"line":12,"column":4}},"line":8},"1":{"name":"getEventNamesMap","decl":{"start":{"line":14,"column":25},"end":{"line":18,"column":4}},"loc":{"start":{"line":14,"column":25},"end":{"line":18,"column":4}},"line":14},"2":{"name":"useEventHandler","decl":{"start":{"line":39,"column":31},"end":{"line":146,"column":2}},"loc":{"start":{"line":39,"column":31},"end":{"line":146,"column":2}},"line":39},"3":{"name":"emit","decl":{"start":{"line":47,"column":15},"end":{"line":52,"column":3}},"loc":{"start":{"line":47,"column":15},"end":{"line":52,"column":3}},"line":47},"4":{"name":"on","decl":{"start":{"line":59,"column":13},"end":{"line":68,"column":3}},"loc":{"start":{"line":59,"column":13},"end":{"line":68,"column":3}},"line":59},"5":{"name":"once","decl":{"start":{"line":75,"column":15},"end":{"line":84,"column":3}},"loc":{"start":{"line":75,"column":15},"end":{"line":84,"column":3}},"line":75},"6":{"name":"off","decl":{"start":{"line":91,"column":14},"end":{"line":101,"column":3}},"loc":{"start":{"line":91,"column":14},"end":{"line":101,"column":3}},"line":91},"7":{"name":"listenerCount","decl":{"start":{"line":108,"column":24},"end":{"line":113,"column":3}},"loc":{"start":{"line":108,"column":24},"end":{"line":113,"column":3}},"line":108},"8":{"name":"getListeners","decl":{"start":{"line":120,"column":23},"end":{"line":125,"column":3}},"loc":{"start":{"line":120,"column":23},"end":{"line":125,"column":3}},"line":120},"9":{"name":"removeAllListeners","decl":{"start":{"line":130,"column":29},"end":{"line":135,"column":3}},"loc":{"start":{"line":130,"column":29},"end":{"line":135,"column":3}},"line":130},"10":{"name":"getAllEvents","decl":{"start":{"line":153,"column":28},"end":{"line":156,"column":2}},"loc":{"start":{"line":153,"column":28},"end":{"line":156,"column":2}},"line":153}},"f":{"0":15,"1":20051,"2":15,"3":14,"4":30010,"5":20003,"6":20001,"7":1,"8":1,"9":15,"10":3}}
}
