TN:
SF:src/index.ts
FN:1,(empty-report)
FNF:1
FNH:0
FNDA:0,(empty-report)
DA:1,0
DA:2,0
DA:3,0
LF:3
LH:0
BRDA:1,0,0,0
BRF:1
BRH:0
end_of_record
TN:
SF:src/useEventHandler/useEventHandler.ts
FN:8,getGlobalEventEmitter
FN:14,getEventNamesMap
FN:39,useEventHandler
FN:47,emit
FN:59,on
FN:75,once
FN:91,off
FN:108,listenerCount
FN:120,getListeners
FN:130,removeAllListeners
FN:153,getAllEvents
FNF:11
FNH:11
FNDA:15,getGlobalEventEmitter
FNDA:20051,getEventNamesMap
FNDA:15,useEventHandler
FNDA:14,emit
FNDA:30010,on
FNDA:20003,once
FNDA:20001,off
FNDA:1,listenerCount
FNDA:1,getListeners
FNDA:15,removeAllListeners
FNDA:3,getAllEvents
DA:1,1
DA:2,1
DA:3,1
DA:4,1
DA:5,1
DA:6,1
DA:7,1
DA:8,1
DA:9,15
DA:10,15
DA:11,15
DA:12,15
DA:13,1
DA:14,1
DA:15,20051
DA:16,20051
DA:17,20051
DA:18,20051
DA:19,1
DA:20,1
DA:21,1
DA:22,1
DA:23,1
DA:24,1
DA:25,1
DA:26,1
DA:27,1
DA:28,1
DA:29,1
DA:30,1
DA:31,1
DA:32,1
DA:33,1
DA:34,1
DA:35,1
DA:36,1
DA:37,1
DA:38,1
DA:39,1
DA:40,15
DA:41,15
DA:42,15
DA:43,15
DA:44,15
DA:45,15
DA:46,15
DA:47,15
DA:48,14
DA:49,14
DA:50,14
DA:51,14
DA:52,15
DA:53,15
DA:54,15
DA:55,15
DA:56,15
DA:57,15
DA:58,15
DA:59,15
DA:60,30010
DA:61,13
DA:62,1
DA:63,1
DA:64,13
DA:65,13
DA:66,13
DA:67,13
DA:68,15
DA:69,15
DA:70,15
DA:71,15
DA:72,15
DA:73,15
DA:74,15
DA:75,15
DA:76,20003
DA:77,5
DA:78,1
DA:79,1
DA:80,5
DA:81,5
DA:82,5
DA:83,5
DA:84,15
DA:85,15
DA:86,15
DA:87,15
DA:88,15
DA:89,15
DA:90,15
DA:91,15
DA:92,20001
DA:93,20001
DA:94,20001
DA:95,20001
DA:96,20001
DA:97,20001
DA:98,20001
DA:99,20001
DA:100,20001
DA:101,15
DA:102,15
DA:103,15
DA:104,15
DA:105,15
DA:106,15
DA:107,15
DA:108,15
DA:109,1
DA:110,1
DA:111,1
DA:112,1
DA:113,15
DA:114,15
DA:115,15
DA:116,15
DA:117,15
DA:118,15
DA:119,15
DA:120,15
DA:121,1
DA:122,1
DA:123,1
DA:124,1
DA:125,15
DA:126,15
DA:127,15
DA:128,15
DA:129,15
DA:130,15
DA:131,15
DA:132,15
DA:133,15
DA:134,15
DA:135,15
DA:136,15
DA:137,15
DA:138,15
DA:139,15
DA:140,15
DA:141,15
DA:142,15
DA:143,15
DA:144,15
DA:145,15
DA:146,15
DA:147,1
DA:148,1
DA:149,1
DA:150,1
DA:151,1
DA:152,1
DA:153,1
DA:154,3
DA:155,3
DA:156,3
LF:156
LH:156
BRDA:8,0,0,15
BRDA:11,1,0,2
BRDA:14,2,0,20051
BRDA:17,3,0,2
BRDA:39,4,0,15
BRDA:47,5,0,14
BRDA:59,6,0,30010
BRDA:60,7,0,13
BRDA:61,8,0,1
BRDA:75,9,0,20003
BRDA:76,10,0,5
BRDA:77,11,0,1
BRDA:91,12,0,20001
BRDA:108,13,0,1
BRDA:120,14,0,1
BRDA:130,15,0,15
BRDA:153,16,0,3
BRF:17
BRH:17
end_of_record
